<?xml version="1.0" encoding="UTF-8"?>
<!-- Generated by org.testng.reporters.JUnitReportReporter -->
<testsuite hostname="WD" failures="0" tests="6" name="startWithNG.demoAnnotationATtest" time="0.028" errors="0" timestamp="2026-07-09T13:13:18 AST" skipped="1">
  <testcase classname="startWithNG.demoAnnotationATtest" name="logintest" time="0.016"/>
  <testcase classname="startWithNG.demoAnnotationATtest" name="repeatedTest" time="0.004"/>
  <testcase classname="startWithNG.demoAnnotationATtest" name="repeatedTest" time="0.003"/>
  <testcase classname="startWithNG.demoAnnotationATtest" name="repeatedTest" time="0.003"/>
  <testcase classname="startWithNG.demoAnnotationATtest" name="checkDashboard" time="0.002"/>
  <testcase classname="startWithNG.demoAnnotationATtest" name="skipTest">
    <skipped/>
  </testcase> <!-- skipTest -->
</testsuite> <!-- startWithNG.demoAnnotationATtest -->
