<?xml version="1.0" encoding="UTF-8"?>
<!-- Generated by org.testng.reporters.JUnitReportReporter -->
<testsuite hostname="WD" failures="0" tests="3" name="startWithNG.crossBrowserTest" time="9.717" errors="0" timestamp="2026-07-09T12:11:13 AST" skipped="0">
  <testcase classname="startWithNG.crossBrowserTest" name="test" time="4.274"/>
  <testcase classname="startWithNG.crossBrowserTest" name="test" time="3.277"/>
  <testcase classname="startWithNG.crossBrowserTest" name="test" time="2.166"/>
</testsuite> <!-- startWithNG.crossBrowserTest -->
