<?xml version="1.0" encoding="UTF-8"?>
<!-- Generated by org.testng.reporters.JUnitReportReporter -->
<testsuite hostname="WD" failures="0" tests="3" name="taskNG.ebayCrossbroswer" time="26.356" errors="0" timestamp="2026-07-09T12:20:16 AST" skipped="0">
  <testcase classname="taskNG.ebayCrossbroswer" name="ebaySearchTest" time="9.765"/>
  <testcase classname="taskNG.ebayCrossbroswer" name="ebaySearchTest" time="6.808"/>
  <testcase classname="taskNG.ebayCrossbroswer" name="ebaySearchTest" time="9.783"/>
</testsuite> <!-- taskNG.ebayCrossbroswer -->
