<?xml version="1.0" encoding="UTF-8"?>
<!-- Generated by org.testng.reporters.JUnitReportReporter -->
<testsuite hostname="WD" failures="0" tests="4" name="taskNG.LoginDataProvider" time="63.742" errors="0" timestamp="2026-07-09T11:41:27 AST" skipped="0">
  <testcase classname="taskNG.LoginDataProvider" name="testLogin" time="12.903"/>
  <testcase classname="taskNG.LoginDataProvider" name="testLogin" time="22.699"/>
  <testcase classname="taskNG.LoginDataProvider" name="testLogin" time="16.361"/>
  <testcase classname="taskNG.LoginDataProvider" name="testLogin" time="11.779"/>
</testsuite> <!-- taskNG.LoginDataProvider -->
