<?xml version="1.0" encoding="UTF-8"?>
<testng-results ignored="1" total="6" passed="5" failed="0" skipped="0">
  <reporter-output>
  </reporter-output>
  <suite started-at="2026-07-09T13:13:17 AST" name="Suite" finished-at="2026-07-09T13:13:17 AST" duration-ms="121">
    <groups>
    </groups>
    <test started-at="2026-07-09T13:13:17 AST" name="MainTest" finished-at="2026-07-09T13:13:17 AST" duration-ms="121">
      <class name="startWithNG.demoAnnotationATtest">
        <test-method signature="logintest(java.lang.String,java.lang.String)[pri:1, instance:startWithNG.demoAnnotationATtest@6c6cb480]" started-at="2026-07-09T13:13:17 AST" name="logintest" finished-at="2026-07-09T13:13:17 AST" duration-ms="16" status="PASS">
          <params>
            <param index="0">
              <value>
                <![CDATA[admin]]>
              </value>
            </param>
            <param index="1">
              <value>
                <![CDATA[admin123]]>
              </value>
            </param>
          </params>
          <reporter-output>
          </reporter-output>
        </test-method> <!-- logintest -->
        <test-method signature="repeatedTest()[pri:2, instance:startWithNG.demoAnnotationATtest@6c6cb480]" started-at="2026-07-09T13:13:17 AST" name="repeatedTest" finished-at="2026-07-09T13:13:17 AST" duration-ms="3" status="PASS">
          <reporter-output>
          </reporter-output>
        </test-method> <!-- repeatedTest -->
        <test-method signature="repeatedTest()[pri:2, instance:startWithNG.demoAnnotationATtest@6c6cb480]" started-at="2026-07-09T13:13:17 AST" name="repeatedTest" finished-at="2026-07-09T13:13:17 AST" duration-ms="4" status="PASS">
          <reporter-output>
          </reporter-output>
        </test-method> <!-- repeatedTest -->
        <test-method signature="repeatedTest()[pri:2, instance:startWithNG.demoAnnotationATtest@6c6cb480]" started-at="2026-07-09T13:13:17 AST" name="repeatedTest" finished-at="2026-07-09T13:13:17 AST" duration-ms="3" status="PASS">
          <reporter-output>
          </reporter-output>
        </test-method> <!-- repeatedTest -->
        <test-method signature="checkDashboard()[pri:3, instance:startWithNG.demoAnnotationATtest@6c6cb480]" started-at="2026-07-09T13:13:17 AST" name="checkDashboard" finished-at="2026-07-09T13:13:17 AST" depends-on-methods="startWithNG.demoAnnotationATtest.logintest" duration-ms="2" status="PASS">
          <reporter-output>
          </reporter-output>
        </test-method> <!-- checkDashboard -->
      </class> <!-- startWithNG.demoAnnotationATtest -->
    </test> <!-- MainTest -->
  </suite> <!-- Suite -->
</testng-results>
