<?xml version="1.0" encoding="UTF-8"?>
<!-- Generated by org.testng.reporters.JUnitXMLReporter -->
<testsuite ignored="1" hostname="WD" failures="0" tests="5" name="MainTest" time="0.121" errors="0" timestamp="2026-07-09T13:13:17 AST">
  <testcase classname="startWithNG.demoAnnotationATtest" name="logintest" time="0.016"/>
  <testcase classname="startWithNG.demoAnnotationATtest" name="repeatedTest" time="0.003"/>
  <testcase classname="startWithNG.demoAnnotationATtest" name="repeatedTest" time="0.004"/>
  <testcase classname="startWithNG.demoAnnotationATtest" name="repeatedTest" time="0.003"/>
  <testcase classname="startWithNG.demoAnnotationATtest" name="checkDashboard" time="0.002"/>
  <testcase classname="startWithNG.demoAnnotationATtest" name="skipTest" time="0.0">
    <ignored/>
  </testcase> <!-- skipTest -->
</testsuite> <!-- MainTest -->
