<?xml version="1.0" encoding="UTF-8"?>
<!-- Generated by org.testng.reporters.JUnitXMLReporter -->
<testsuite ignored="0" hostname="WD" failures="1" tests="1" name="suite" time="0.011" errors="0" timestamp="2026-07-09T11:31:15 AST">
  <testcase classname="taskNG.datapoviderLoginwithParametrization" name="testLogin" time="0.0">
    <failure type="org.testng.TestNGException" message="
Some DataProvider public java.lang.Object[][] taskNG.datapoviderLoginwithParametrization.getLoginData(java.lang.String) parameters unresolved:  at 0 type class java.lang.String
">
      <![CDATA[org.testng.TestNGException: 
Some DataProvider public java.lang.Object[][] taskNG.datapoviderLoginwithParametrization.getLoginData(java.lang.String) parameters unresolved:  at 0 type class java.lang.String

at java.base/java.util.ArrayList.forEach(ArrayList.java:1596)
... Removed 25 stack frames]]>
    </failure>
  </testcase> <!-- testLogin -->
</testsuite> <!-- suite -->
